<?xml version="1.0" encoding="UTF-8"?>
<!-- Generated by org.testng.reporters.JUnitXMLReporter -->
<testsuite ignored="1" hostname="LAPTOP-S9EA3BHA" failures="3" tests="9" name="TestNG" time="0.201" errors="0" timestamp="2024-09-01T19:48:20 IST">
  <testcase classname="TestNG.GroupExecution" name="check" time="0.0">
    <failure type="org.testng.TestNGException" message="
Parameter &amp;apos;URL&amp;apos; is required by @Test on method check but has not been marked @Optional or defined
in C:\Users\jaisw\eclipse-workspace\Automation\testng.xml">
      <![CDATA[org.testng.TestNGException: 
Parameter 'URL' is required by @Test on method check but has not been marked @Optional or defined
in C:\Users\jaisw\eclipse-workspace\Automation\testng.xml
at java.base/java.util.ArrayList.forEach(ArrayList.java:1511)
... Removed 26 stack frames]]>
    </failure>
  </testcase> <!-- check -->
  <testcase classname="TestNG.GroupExecution" name="compose" time="0.003"/>
  <testcase classname="TestNG.GroupExecution" name="delete" time="0.003">
    <failure type="org.testng.internal.reflect.MethodMatcherException" message="
[public void TestNG.GroupExecution.delete(java.lang.String)] has no parameters defined but was found to be using a data provider (either explicitly specified or inherited from class level annotation).
Data provider mismatch
Method: delete([java.lang.String arg0])
Arguments: [(java.lang.String) Shambhu sir,(java.lang.String) core java]">
      <![CDATA[org.testng.internal.reflect.MethodMatcherException: 
[public void TestNG.GroupExecution.delete(java.lang.String)] has no parameters defined but was found to be using a data provider (either explicitly specified or inherited from class level annotation).
Data provider mismatch
Method: delete([java.lang.String arg0])
Arguments: [(java.lang.String) Shambhu sir,(java.lang.String) core java]
at java.base/java.util.ArrayList.forEach(ArrayList.java:1511)
... Removed 22 stack frames]]>
    </failure>
  </testcase> <!-- delete -->
  <testcase classname="TestNG.GroupExecution" name="signout" time="0.006"/>
  <testcase classname="TestNG.GroupExecution" name="signup" time="0.006"/>
  <testcase classname="TestNG.Priority" name="spider" time="0.008"/>
  <testcase classname="TestNG.Priority" name="cs_jspider" time="0.005"/>
  <testcase classname="TestNG.Priority" name="cs_qspider" time="0.004"/>
  <testcase classname="TestNG.Priority" name="cs_spyspider" time="0.0">
    <failure type="org.testng.TestNGException" message="
Parameter &amp;apos;URL&amp;apos; is required by @Test on method cs_spyspider but has not been marked @Optional or defined
in C:\Users\jaisw\eclipse-workspace\Automation\testng.xml">
      <![CDATA[org.testng.TestNGException: 
Parameter 'URL' is required by @Test on method cs_spyspider but has not been marked @Optional or defined
in C:\Users\jaisw\eclipse-workspace\Automation\testng.xml
at java.base/java.util.ArrayList.forEach(ArrayList.java:1511)
... Removed 26 stack frames]]>
    </failure>
  </testcase> <!-- cs_spyspider -->
  <testcase classname="TestNG.GroupExecution" name="login" time="0.0">
    <ignored/>
  </testcase> <!-- login -->
</testsuite> <!-- TestNG -->
