<?xml version="1.0" encoding="UTF-8"?>
<testng-results ignored="0" total="9" passed="6" failed="3" skipped="0">
  <reporter-output>
  </reporter-output>
  <suite started-at="2024-09-01T19:48:20 IST" name="Automation" finished-at="2024-09-01T19:48:20 IST" duration-ms="201">
    <groups>
      <group name="regression">
        <method signature="GroupExecution.compose()[pri:0, instance:TestNG.GroupExecution@7161d8d1]" name="compose" class="TestNG.GroupExecution"/>
      </group> <!-- regression -->
      <group name="smoke">
        <method signature="GroupExecution.signout()[pri:0, instance:TestNG.GroupExecution@7161d8d1]" name="signout" class="TestNG.GroupExecution"/>
        <method signature="GroupExecution.signup()[pri:0, instance:TestNG.GroupExecution@7161d8d1]" name="signup" class="TestNG.GroupExecution"/>
      </group> <!-- smoke -->
    </groups>
    <test started-at="2024-09-01T19:48:20 IST" name="TestNG" finished-at="2024-09-01T19:48:20 IST" duration-ms="201">
      <class name="TestNG.Priority">
        <test-method is-config="true" signature="first()[pri:0, instance:TestNG.Priority@548d708a]" started-at="2024-09-01T19:48:20 IST" name="first" finished-at="2024-09-01T19:48:20 IST" duration-ms="0" status="PASS">
          <reporter-output>
          </reporter-output>
        </test-method> <!-- first -->
        <test-method is-config="true" signature="hello()[pri:0, instance:TestNG.Priority@548d708a]" started-at="2024-09-01T19:48:20 IST" name="hello" finished-at="2024-09-01T19:48:20 IST" duration-ms="1" status="PASS">
          <reporter-output>
          </reporter-output>
        </test-method> <!-- hello -->
        <test-method signature="spider()[pri:1, instance:TestNG.Priority@548d708a]" started-at="2024-09-01T19:48:20 IST" name="spider" finished-at="2024-09-01T19:48:20 IST" duration-ms="8" status="PASS">
          <reporter-output>
          </reporter-output>
        </test-method> <!-- spider -->
        <test-method is-config="true" signature="bye()[pri:0, instance:TestNG.Priority@548d708a]" started-at="2024-09-01T19:48:20 IST" name="bye" finished-at="2024-09-01T19:48:20 IST" duration-ms="5" status="PASS">
          <reporter-output>
          </reporter-output>
        </test-method> <!-- bye -->
        <test-method is-config="true" signature="hello()[pri:0, instance:TestNG.Priority@548d708a]" started-at="2024-09-01T19:48:20 IST" name="hello" finished-at="2024-09-01T19:48:20 IST" duration-ms="4" status="PASS">
          <reporter-output>
          </reporter-output>
        </test-method> <!-- hello -->
        <test-method signature="cs_jspider()[pri:2, instance:TestNG.Priority@548d708a]" started-at="2024-09-01T19:48:20 IST" name="cs_jspider" finished-at="2024-09-01T19:48:20 IST" duration-ms="5" status="PASS">
          <reporter-output>
          </reporter-output>
        </test-method> <!-- cs_jspider -->
        <test-method is-config="true" signature="bye()[pri:0, instance:TestNG.Priority@548d708a]" started-at="2024-09-01T19:48:20 IST" name="bye" finished-at="2024-09-01T19:48:20 IST" duration-ms="0" status="PASS">
          <reporter-output>
          </reporter-output>
        </test-method> <!-- bye -->
        <test-method is-config="true" signature="hello()[pri:0, instance:TestNG.Priority@548d708a]" started-at="2024-09-01T19:48:20 IST" name="hello" finished-at="2024-09-01T19:48:20 IST" duration-ms="0" status="PASS">
          <reporter-output>
          </reporter-output>
        </test-method> <!-- hello -->
        <test-method signature="cs_qspider()[pri:0, instance:TestNG.Priority@548d708a]" started-at="2024-09-01T19:48:20 IST" name="cs_qspider" finished-at="2024-09-01T19:48:20 IST" depends-on-methods="TestNG.Priority.cs_jspider" duration-ms="4" status="PASS">
          <reporter-output>
          </reporter-output>
        </test-method> <!-- cs_qspider -->
        <test-method is-config="true" signature="bye()[pri:0, instance:TestNG.Priority@548d708a]" started-at="2024-09-01T19:48:20 IST" name="bye" finished-at="2024-09-01T19:48:20 IST" duration-ms="2" status="PASS">
          <reporter-output>
          </reporter-output>
        </test-method> <!-- bye -->
        <test-method signature="cs_spyspider(java.lang.String)[pri:3, instance:TestNG.Priority@548d708a]" started-at="2024-09-01T19:48:20 IST" name="cs_spyspider" finished-at="2024-09-01T19:48:20 IST" duration-ms="0" status="FAIL">
          <exception class="org.testng.TestNGException">
            <message>
              <![CDATA[
Parameter 'URL' is required by @Test on method cs_spyspider but has not been marked @Optional or defined
in C:\Users\jaisw\eclipse-workspace\Automation\testng.xml]]>
            </message>
            <full-stacktrace>
              <![CDATA[org.testng.TestNGException: 
Parameter 'URL' is required by @Test on method cs_spyspider but has not been marked @Optional or defined
in C:\Users\jaisw\eclipse-workspace\Automation\testng.xml
at org.testng.internal.Parameters.createParams(Parameters.java:267)
at org.testng.internal.Parameters.createParametersForMethod(Parameters.java:355)
at org.testng.internal.Parameters.createParameters(Parameters.java:684)
at org.testng.internal.Parameters.handleParameters(Parameters.java:879)
at org.testng.internal.Parameters.handleParameters(Parameters.java:728)
at org.testng.internal.invokers.ParameterHandler.handleParameters(ParameterHandler.java:72)
at org.testng.internal.invokers.ParameterHandler.createParameters(ParameterHandler.java:51)
at org.testng.internal.invokers.TestInvoker$MethodInvocationAgent.invoke(TestInvoker.java:911)
at org.testng.internal.invokers.TestInvoker.invokeTestMethods(TestInvoker.java:200)
at org.testng.internal.invokers.TestMethodWorker.invokeTestMethods(TestMethodWorker.java:148)
at org.testng.internal.invokers.TestMethodWorker.run(TestMethodWorker.java:128)
at java.base/java.util.ArrayList.forEach(ArrayList.java:1511)
at org.testng.TestRunner.privateRun(TestRunner.java:848)
at org.testng.TestRunner.run(TestRunner.java:621)
at org.testng.SuiteRunner.runTest(SuiteRunner.java:443)
at org.testng.SuiteRunner.runSequentially(SuiteRunner.java:437)
at org.testng.SuiteRunner.privateRun(SuiteRunner.java:397)
at org.testng.SuiteRunner.run(SuiteRunner.java:336)
at org.testng.SuiteRunnerWorker.runSuite(SuiteRunnerWorker.java:52)
at org.testng.SuiteRunnerWorker.run(SuiteRunnerWorker.java:95)
at org.testng.TestNG.runSuitesSequentially(TestNG.java:1280)
at org.testng.TestNG.runSuitesLocally(TestNG.java:1200)
at org.testng.TestNG.runSuites(TestNG.java:1114)
at org.testng.TestNG.run(TestNG.java:1082)
at org.testng.remote.AbstractRemoteTestNG.run(AbstractRemoteTestNG.java:115)
at org.testng.remote.RemoteTestNG.initAndRun(RemoteTestNG.java:251)
at org.testng.remote.RemoteTestNG.main(RemoteTestNG.java:77)
]]>
            </full-stacktrace>
          </exception> <!-- org.testng.TestNGException -->
          <reporter-output>
          </reporter-output>
        </test-method> <!-- cs_spyspider -->
        <test-method is-config="true" signature="last()[pri:0, instance:TestNG.Priority@548d708a]" started-at="2024-09-01T19:48:20 IST" name="last" finished-at="2024-09-01T19:48:20 IST" duration-ms="2" status="PASS">
          <reporter-output>
          </reporter-output>
        </test-method> <!-- last -->
      </class> <!-- TestNG.Priority -->
      <class name="TestNG.GroupExecution">
        <test-method is-config="true" signature="firstSuit()[pri:0, instance:TestNG.GroupExecution@7161d8d1]" started-at="2024-09-01T19:48:20 IST" name="firstSuit" finished-at="2024-09-01T19:48:20 IST" duration-ms="20" status="PASS">
          <reporter-output>
          </reporter-output>
        </test-method> <!-- firstSuit -->
        <test-method is-config="true" signature="firstTest()[pri:0, instance:TestNG.GroupExecution@7161d8d1]" started-at="2024-09-01T19:48:20 IST" name="firstTest" finished-at="2024-09-01T19:48:20 IST" duration-ms="4" status="PASS">
          <reporter-output>
          </reporter-output>
        </test-method> <!-- firstTest -->
        <test-method signature="check(java.lang.String)[pri:0, instance:TestNG.GroupExecution@7161d8d1]" started-at="2024-09-01T19:48:20 IST" name="check" finished-at="2024-09-01T19:48:20 IST" duration-ms="0" status="FAIL">
          <exception class="org.testng.TestNGException">
            <message>
              <![CDATA[
Parameter 'URL' is required by @Test on method check but has not been marked @Optional or defined
in C:\Users\jaisw\eclipse-workspace\Automation\testng.xml]]>
            </message>
            <full-stacktrace>
              <![CDATA[org.testng.TestNGException: 
Parameter 'URL' is required by @Test on method check but has not been marked @Optional or defined
in C:\Users\jaisw\eclipse-workspace\Automation\testng.xml
at org.testng.internal.Parameters.createParams(Parameters.java:267)
at org.testng.internal.Parameters.createParametersForMethod(Parameters.java:355)
at org.testng.internal.Parameters.createParameters(Parameters.java:684)
at org.testng.internal.Parameters.handleParameters(Parameters.java:879)
at org.testng.internal.Parameters.handleParameters(Parameters.java:728)
at org.testng.internal.invokers.ParameterHandler.handleParameters(ParameterHandler.java:72)
at org.testng.internal.invokers.ParameterHandler.createParameters(ParameterHandler.java:51)
at org.testng.internal.invokers.TestInvoker$MethodInvocationAgent.invoke(TestInvoker.java:911)
at org.testng.internal.invokers.TestInvoker.invokeTestMethods(TestInvoker.java:200)
at org.testng.internal.invokers.TestMethodWorker.invokeTestMethods(TestMethodWorker.java:148)
at org.testng.internal.invokers.TestMethodWorker.run(TestMethodWorker.java:128)
at java.base/java.util.ArrayList.forEach(ArrayList.java:1511)
at org.testng.TestRunner.privateRun(TestRunner.java:848)
at org.testng.TestRunner.run(TestRunner.java:621)
at org.testng.SuiteRunner.runTest(SuiteRunner.java:443)
at org.testng.SuiteRunner.runSequentially(SuiteRunner.java:437)
at org.testng.SuiteRunner.privateRun(SuiteRunner.java:397)
at org.testng.SuiteRunner.run(SuiteRunner.java:336)
at org.testng.SuiteRunnerWorker.runSuite(SuiteRunnerWorker.java:52)
at org.testng.SuiteRunnerWorker.run(SuiteRunnerWorker.java:95)
at org.testng.TestNG.runSuitesSequentially(TestNG.java:1280)
at org.testng.TestNG.runSuitesLocally(TestNG.java:1200)
at org.testng.TestNG.runSuites(TestNG.java:1114)
at org.testng.TestNG.run(TestNG.java:1082)
at org.testng.remote.AbstractRemoteTestNG.run(AbstractRemoteTestNG.java:115)
at org.testng.remote.RemoteTestNG.initAndRun(RemoteTestNG.java:251)
at org.testng.remote.RemoteTestNG.main(RemoteTestNG.java:77)
]]>
            </full-stacktrace>
          </exception> <!-- org.testng.TestNGException -->
          <reporter-output>
          </reporter-output>
        </test-method> <!-- check -->
        <test-method signature="compose()[pri:0, instance:TestNG.GroupExecution@7161d8d1]" started-at="2024-09-01T19:48:20 IST" name="compose" finished-at="2024-09-01T19:48:20 IST" duration-ms="3" status="PASS">
          <reporter-output>
          </reporter-output>
        </test-method> <!-- compose -->
        <test-method signature="delete(java.lang.String)[pri:0, instance:TestNG.GroupExecution@7161d8d1]" started-at="2024-09-01T19:48:20 IST" name="delete" data-provider="data" finished-at="2024-09-01T19:48:20 IST" duration-ms="3" status="FAIL">
          <exception class="org.testng.internal.reflect.MethodMatcherException">
            <message>
              <![CDATA[
[public void TestNG.GroupExecution.delete(java.lang.String)] has no parameters defined but was found to be using a data provider (either explicitly specified or inherited from class level annotation).
Data provider mismatch
Method: delete([java.lang.String arg0])
Arguments: [(java.lang.String) Shambhu sir,(java.lang.String) core java]]]>
            </message>
            <full-stacktrace>
              <![CDATA[org.testng.internal.reflect.MethodMatcherException: 
[public void TestNG.GroupExecution.delete(java.lang.String)] has no parameters defined but was found to be using a data provider (either explicitly specified or inherited from class level annotation).
Data provider mismatch
Method: delete([java.lang.String arg0])
Arguments: [(java.lang.String) Shambhu sir,(java.lang.String) core java]
at org.testng.internal.reflect.DataProviderMethodMatcher.getConformingArguments(DataProviderMethodMatcher.java:46)
at org.testng.internal.Parameters.injectParameters(Parameters.java:909)
at org.testng.internal.invokers.MethodRunner.runInSequence(MethodRunner.java:37)
at org.testng.internal.invokers.TestInvoker$MethodInvocationAgent.invoke(TestInvoker.java:957)
at org.testng.internal.invokers.TestInvoker.invokeTestMethods(TestInvoker.java:200)
at org.testng.internal.invokers.TestMethodWorker.invokeTestMethods(TestMethodWorker.java:148)
at org.testng.internal.invokers.TestMethodWorker.run(TestMethodWorker.java:128)
at java.base/java.util.ArrayList.forEach(ArrayList.java:1511)
at org.testng.TestRunner.privateRun(TestRunner.java:848)
at org.testng.TestRunner.run(TestRunner.java:621)
at org.testng.SuiteRunner.runTest(SuiteRunner.java:443)
at org.testng.SuiteRunner.runSequentially(SuiteRunner.java:437)
at org.testng.SuiteRunner.privateRun(SuiteRunner.java:397)
at org.testng.SuiteRunner.run(SuiteRunner.java:336)
at org.testng.SuiteRunnerWorker.runSuite(SuiteRunnerWorker.java:52)
at org.testng.SuiteRunnerWorker.run(SuiteRunnerWorker.java:95)
at org.testng.TestNG.runSuitesSequentially(TestNG.java:1280)
at org.testng.TestNG.runSuitesLocally(TestNG.java:1200)
at org.testng.TestNG.runSuites(TestNG.java:1114)
at org.testng.TestNG.run(TestNG.java:1082)
at org.testng.remote.AbstractRemoteTestNG.run(AbstractRemoteTestNG.java:115)
at org.testng.remote.RemoteTestNG.initAndRun(RemoteTestNG.java:251)
at org.testng.remote.RemoteTestNG.main(RemoteTestNG.java:77)
]]>
            </full-stacktrace>
          </exception> <!-- org.testng.internal.reflect.MethodMatcherException -->
          <reporter-output>
          </reporter-output>
        </test-method> <!-- delete -->
        <test-method signature="signout()[pri:0, instance:TestNG.GroupExecution@7161d8d1]" started-at="2024-09-01T19:48:20 IST" name="signout" finished-at="2024-09-01T19:48:20 IST" duration-ms="6" status="PASS">
          <reporter-output>
          </reporter-output>
        </test-method> <!-- signout -->
        <test-method signature="signup()[pri:0, instance:TestNG.GroupExecution@7161d8d1]" started-at="2024-09-01T19:48:20 IST" name="signup" finished-at="2024-09-01T19:48:20 IST" duration-ms="6" status="PASS">
          <reporter-output>
          </reporter-output>
        </test-method> <!-- signup -->
        <test-method is-config="true" signature="lastTest()[pri:0, instance:TestNG.GroupExecution@7161d8d1]" started-at="2024-09-01T19:48:20 IST" name="lastTest" finished-at="2024-09-01T19:48:20 IST" duration-ms="1" status="PASS">
          <reporter-output>
          </reporter-output>
        </test-method> <!-- lastTest -->
        <test-method is-config="true" signature="lastSuit()[pri:0, instance:TestNG.GroupExecution@7161d8d1]" started-at="2024-09-01T19:48:20 IST" name="lastSuit" finished-at="2024-09-01T19:48:20 IST" duration-ms="1" status="PASS">
          <reporter-output>
          </reporter-output>
        </test-method> <!-- lastSuit -->
      </class> <!-- TestNG.GroupExecution -->
    </test> <!-- TestNG -->
  </suite> <!-- Automation -->
</testng-results>
